  8.4375e-001  3.3348e+000  1.8000e+002  2.0284e+000  1.7115e+000  2.2932e+000  2.1250e-001  1.9349e+000  1.7930e-001
  8.5313e-001  3.3441e+000  1.8000e+002  2.8941e+000  2.4690e+000  2.5239e+000  2.1250e-001  2.1532e+000  1.8129e-001
  8.5313e-001  3.3441e+000  1.8000e+002  2.8941e+000  2.4690e+000  2.7709e+000  2.1250e-001  2.3639e+000  1.8129e-001
  8.5313e-001  3.3441e+000  1.8000e+002  2.8941e+000  2.4690e+000  3.1991e+000  2.1250e-001  2.7292e+000  1.8129e-001
  8.5313e-001  3.3441e+000  1.8000e+002  2.8941e+000  2.4690e+000  3.4873e+000  2.1250e-001  2.9751e+000  1.8129e-001
  8.6250e-001  3.3535e+000  1.8000e+002  4.1814e+000  3.6065e+000  3.7178e+000  2.1250e-001  3.2066e+000  1.8328e-001
  8.6250e-001  3.3535e+000  1.8000e+002  4.1814e+000  3.6065e+000  4.1377e+000  2.1250e-001  3.5688e+000  1.8328e-001
  8.6250e-001  3.3535e+000  1.8000e+002  4.1814e+000  3.6065e+000  3.8825e+000  2.1250e-001  3.3487e+000  1.8328e-001
  8.7188e-001  3.3629e+000  1.8000e+002  2.9699e+000  2.5893e+000  3.5286e+000  2.1250e-001  3.0765e+000  1.8527e-001
  8.7188e-001  3.3629e+000  1.8000e+002  2.9699e+000  2.5893e+000  3.3063e+000  2.1250e-001  2.8827e+000  1.8527e-001
  8.7188e-001  3.3629e+000  1.8000e+002  2.9699e+000  2.5893e+000  3.0429e+000  2.1250e-001  2.6530e+000  1.8527e-001
  8.7188e-001  3.3629e+000  1.8000e+002  2.9699e+000  2.5893e+000  2.8042e+000  2.1250e-001  2.4449e+000  1.8527e-001
  8.9063e-001  3.3816e+000  1.8000e+002  2.3157e+000  2.0624e+000  2.3927e+000  2.1250e-001  2.1310e+000  1.8926e-001
  9.0937e-001  3.4004e+000  1.8000e+002  2.1626e+000  1.9666e+000  2.2614e+000  2.1250e-001  2.0564e+000  1.9324e-001
  9.4688e-001  3.4379e+000  1.8000e+002  2.0563e+000  1.9470e+000  2.1630e+000  2.1250e-001  2.0481e+000  2.0121e-001
  9.6563e-001  3.4566e+000  1.8000e+002  2.0259e+000  1.9563e+000  2.0564e+000  2.1250e-001  1.9857e+000  2.0520e-001
  9.7500e-001  3.4660e+000  1.8000e+002  2.0114e+000  1.9611e+000  2.0647e+000  2.1250e-001  2.0131e+000  2.0719e-001
  1.0031e+000  3.4941e+000  1.8000e+002  1.9502e+000  1.9563e+000  2.0569e+000  2.1250e-001  2.0633e+000  2.1316e-001
  1.0219e+000  3.5129e+000  1.8000e+002  1.8301e+000  1.8702e+000  2.1889e+000  2.1250e-001  2.2367e+000  2.1715e-001
  1.0219e+000  3.5129e+000  1.8000e+002  1.8301e+000  1.8702e+000  3.0863e+000  2.1250e-001  3.1538e+000  2.1715e-001
  1.0219e+000  3.5129e+000  1.8000e+002  1.8301e+000  1.8702e+000  2.6582e+000  2.1250e-001  2.7164e+000  2.1715e-001
  1.0219e+000  3.5129e+000  1.8000e+002  1.8301e+000  1.8702e+000  2.4030e+000  2.1250e-001  2.4556e+000  2.1715e-001
  1.0313e+000  3.5223e+000  1.8000e+002  3.1567e+000  3.2554e+000  2.0737e+000  2.1250e-001  2.1385e+000  2.1914e-001
  1.0500e+000  3.5410e+000  1.8000e+002  2.1338e+000  2.2404e+000  2.0082e+000  2.1250e-001  2.1086e+000  2.2312e-001
  1.0969e+000  3.5879e+000  1.8000e+002  2.0330e+000  2.2300e+000  2.1159e+000  2.1250e-001  2.3208e+000  2.3309e-001
  1.1156e+000  3.6066e+000  1.8000e+002  2.0199e+000  2.2534e+000  2.1162e+000  2.1250e-001  2.3609e+000  2.3707e-001
  1.1531e+000  3.6441e+000  1.8000e+002  2.0018e+000  2.3084e+000  1.9851e+000  2.1250e-001  2.2890e+000  2.4504e-001
  1.2000e+000  3.6910e+000  1.8000e+002  1.9857e+000  2.3828e+000  2.0598e+000  2.1250e-001  2.4718e+000  2.5500e-001
  1.2656e+000  3.7566e+000  1.8000e+002  1.9675e+000  2.4901e+000  2.0031e+000  2.1250e-001  2.5352e+000  2.6895e-001
  1.2938e+000  3.7847e+000  1.8000e+002  1.9603e+000  2.5362e+000  1.9377e+000  2.1250e-001  2.5070e+000  2.7492e-001
  1.3312e+000  3.8222e+000  1.8000e+002  1.9509e+000  2.5972e+000  1.9629e+000  2.1250e-001  2.6131e+000  2.8289e-001
  1.3312e+000  3.8222e+000  1.8000e+002  1.9509e+000  2.5972e+000  1.9136e+000  2.1250e-001  2.5474e+000  2.8289e-001
  1.3781e+000  3.8691e+000  1.8000e+002  1.9391e+000  2.6724e+000  1.8978e+000  2.1250e-001  2.6154e+000  2.9285e-001
  1.3875e+000  3.8785e+000  1.8000e+002  1.9367e+000  2.6872e+000  1.8896e+000  2.1250e-001  2.6219e+000  2.9484e-001
  1.4156e+000  3.9066e+000  1.8000e+002  1.9297e+000  2.7318e+000  1.8572e+000  2.1250e-001  2.6291e+000  3.0082e-001
  1.4531e+000  3.9441e+000  1.8000e+002  1.9359e+000  2.8131e+000  1.8988e+000  2.1250e-001  2.7593e+000  3.0879e-001
  1.4625e+000  3.9535e+000  1.8000e+002  2.1600e+000  3.1590e+000  2.1790e+000  2.1250e-001  3.1867e+000  3.1078e-001
  1.4625e+000  3.9535e+000  1.8000e+002  2.1600e+000  3.1590e+000  2.5248e+000  2.1250e-001  3.6925e+000  3.1078e-001
  1.4625e+000  3.9535e+000  1.8000e+002  2.1600e+000  3.1590e+000  2.0308e+000  2.1250e-001  2.9700e+000  3.1078e-001
  1.4719e+000  3.9629e+000  1.8000e+002  2.0116e+000  2.9608e+000  1.8415e+000  2.1250e-001  2.7105e+000  3.1277e-001
  1.4906e+000  3.9816e+000  1.8000e+002  1.9131e+000  2.8517e+000  1.7512e+000  2.1250e-001  2.6104e+000  3.1676e-001
  1.5000e+000  3.9910e+000  1.8000e+002  1.9069e+000  2.8604e+000  1.8502e+000  2.1250e-001  2.7754e+000  3.1875e-001
  1.5188e+000  4.0098e+000  1.8000e+002  1.8982e+000  2.8829e+000  1.8010e+000  2.1250e-001  2.7353e+000  3.2273e-001
  1.5375e+000  4.0285e+000  1.8000e+002  1.8903e+000  2.9063e+000  1.8260e+000  2.1250e-001  2.8075e+000  3.2672e-001
  1.5656e+000  4.0566e+000  1.8000e+002  1.8778e+000  2.9400e+000  1.7358e+000  2.1250e-001  2.7176e+000  3.3270e-001
  1.5844e+000  4.0754e+000  1.8000e+002  1.8687e+000  2.9607e+000  1.7608e+000  2.1250e-001  2.7898e+000  3.3668e-001
  1.6219e+000  4.1129e+000  1.8000e+002  1.8473e+000  2.9961e+000  1.7449e+000  2.1250e-001  2.8300e+000  3.4465e-001
  1.6219e+000  4.1129e+000  1.8000e+002  1.8473e+000  2.9961e+000  1.7202e+000  2.1250e-001  2.7900e+000  3.4465e-001
  1.6406e+000  4.1316e+000  1.8000e+002  1.8345e+000  3.0097e+000  1.7205e+000  2.1250e-001  2.8227e+000  3.4863e-001
  1.6594e+000  4.1504e+000  1.8000e+002  1.8197e+000  3.0196e+000  1.7455e+000  2.1250e-001  2.8965e+000  3.5262e-001


